<?xml version="1.0" encoding="UTF-8" ?>
<testsuite tests="2" failures="2" name="test_runner.RunnerTest" time="9.299" errors="0" skipped="0">
  <properties>
    <property name="java.runtime.name" value="Java(TM) SE Runtime Environment"/>
    <property name="sun.boot.library.path" value="/Library/Java/JavaVirtualMachines/jdk1.8.0_202.jdk/Contents/Home/jre/lib"/>
    <property name="java.vm.version" value="25.202-b08"/>
    <property name="user.country.format" value="IN"/>
    <property name="gopherProxySet" value="false"/>
    <property name="java.vm.vendor" value="Oracle Corporation"/>
    <property name="maven.multiModuleProjectDirectory" value="/Users/udaykumarh/Downloads/amazon/amazon"/>
    <property name="java.vendor.url" value="http://java.oracle.com/"/>
    <property name="path.separator" value=":"/>
    <property name="guice.disable.misplaced.annotation.check" value="true"/>
    <property name="java.vm.name" value="Java HotSpot(TM) 64-Bit Server VM"/>
    <property name="file.encoding.pkg" value="sun.io"/>
    <property name="user.country" value="GB"/>
    <property name="sun.java.launcher" value="SUN_STANDARD"/>
    <property name="sun.os.patch.level" value="unknown"/>
    <property name="java.vm.specification.name" value="Java Virtual Machine Specification"/>
    <property name="user.dir" value="/Users/udaykumarh/Downloads/amazon/amazon"/>
    <property name="java.runtime.version" value="1.8.0_202-b08"/>
    <property name="java.awt.graphicsenv" value="sun.awt.CGraphicsEnvironment"/>
    <property name="java.endorsed.dirs" value="/Library/Java/JavaVirtualMachines/jdk1.8.0_202.jdk/Contents/Home/jre/lib/endorsed"/>
    <property name="os.arch" value="x86_64"/>
    <property name="java.io.tmpdir" value="/var/folders/36/hl0xp8l96lj9gy357b3tk3j00000gp/T/"/>
    <property name="line.separator" value="
"/>
    <property name="java.vm.specification.vendor" value="Oracle Corporation"/>
    <property name="os.name" value="Mac OS X"/>
    <property name="maven.ext.class.path" value="/private/var/folders/36/hl0xp8l96lj9gy357b3tk3j00000gp/T/AppTranslocation/9CB35E6C-35AD-4B5D-B8A3-8A11645E6304/d/IntelliJ IDEA CE.app/Contents/plugins/maven/lib/maven-event-listener.jar"/>
    <property name="classworlds.conf" value="/private/var/folders/36/hl0xp8l96lj9gy357b3tk3j00000gp/T/AppTranslocation/9CB35E6C-35AD-4B5D-B8A3-8A11645E6304/d/IntelliJ IDEA CE.app/Contents/plugins/maven/lib/maven3/bin/m2.conf"/>
    <property name="sun.jnu.encoding" value="UTF-8"/>
    <property name="java.library.path" value="/Users/udaykumarh/Library/Java/Extensions:/Library/Java/Extensions:/Network/Library/Java/Extensions:/System/Library/Java/Extensions:/usr/lib/java:."/>
    <property name="maven.conf" value="/private/var/folders/36/hl0xp8l96lj9gy357b3tk3j00000gp/T/AppTranslocation/9CB35E6C-35AD-4B5D-B8A3-8A11645E6304/d/IntelliJ IDEA CE.app/Contents/plugins/maven/lib/maven3/conf"/>
    <property name="java.specification.name" value="Java Platform API Specification"/>
    <property name="java.class.version" value="52.0"/>
    <property name="sun.management.compiler" value="HotSpot 64-Bit Tiered Compilers"/>
    <property name="os.version" value="10.14.4"/>
    <property name="user.home" value="/Users/udaykumarh"/>
    <property name="user.timezone" value="Asia/Kolkata"/>
    <property name="java.awt.printerjob" value="sun.lwawt.macosx.CPrinterJob"/>
    <property name="java.specification.version" value="1.8"/>
    <property name="file.encoding" value="UTF-8"/>
    <property name="user.name" value="udaykumarh"/>
    <property name="java.class.path" value="/private/var/folders/36/hl0xp8l96lj9gy357b3tk3j00000gp/T/AppTranslocation/9CB35E6C-35AD-4B5D-B8A3-8A11645E6304/d/IntelliJ IDEA CE.app/Contents/plugins/maven/lib/maven3/boot/plexus-classworlds-2.6.0.jar:/private/var/folders/36/hl0xp8l96lj9gy357b3tk3j00000gp/T/AppTranslocation/9CB35E6C-35AD-4B5D-B8A3-8A11645E6304/d/IntelliJ IDEA CE.app/Contents/plugins/maven/lib/maven3/boot/plexus-classworlds.license:/private/var/folders/36/hl0xp8l96lj9gy357b3tk3j00000gp/T/AppTranslocation/9CB35E6C-35AD-4B5D-B8A3-8A11645E6304/d/IntelliJ IDEA CE.app/Contents/lib/idea_rt.jar"/>
    <property name="java.vm.specification.version" value="1.8"/>
    <property name="sun.arch.data.model" value="64"/>
    <property name="java.home" value="/Library/Java/JavaVirtualMachines/jdk1.8.0_202.jdk/Contents/Home/jre"/>
    <property name="sun.java.command" value="org.codehaus.classworlds.Launcher -Didea.version2020.1.1 test verify"/>
    <property name="java.specification.vendor" value="Oracle Corporation"/>
    <property name="user.language" value="en"/>
    <property name="awt.toolkit" value="sun.lwawt.macosx.LWCToolkit"/>
    <property name="idea.version2020.1.1" value="true"/>
    <property name="java.vm.info" value="mixed mode"/>
    <property name="java.version" value="1.8.0_202"/>
    <property name="java.ext.dirs" value="/Users/udaykumarh/Library/Java/Extensions:/Library/Java/JavaVirtualMachines/jdk1.8.0_202.jdk/Contents/Home/jre/lib/ext:/Library/Java/Extensions:/Network/Library/Java/Extensions:/System/Library/Java/Extensions:/usr/lib/java"/>
    <property name="sun.boot.class.path" value="/Library/Java/JavaVirtualMachines/jdk1.8.0_202.jdk/Contents/Home/jre/lib/resources.jar:/Library/Java/JavaVirtualMachines/jdk1.8.0_202.jdk/Contents/Home/jre/lib/rt.jar:/Library/Java/JavaVirtualMachines/jdk1.8.0_202.jdk/Contents/Home/jre/lib/sunrsasign.jar:/Library/Java/JavaVirtualMachines/jdk1.8.0_202.jdk/Contents/Home/jre/lib/jsse.jar:/Library/Java/JavaVirtualMachines/jdk1.8.0_202.jdk/Contents/Home/jre/lib/jce.jar:/Library/Java/JavaVirtualMachines/jdk1.8.0_202.jdk/Contents/Home/jre/lib/charsets.jar:/Library/Java/JavaVirtualMachines/jdk1.8.0_202.jdk/Contents/Home/jre/lib/jfr.jar:/Library/Java/JavaVirtualMachines/jdk1.8.0_202.jdk/Contents/Home/jre/classes"/>
    <property name="java.vendor" value="Oracle Corporation"/>
    <property name="maven.home" value="/private/var/folders/36/hl0xp8l96lj9gy357b3tk3j00000gp/T/AppTranslocation/9CB35E6C-35AD-4B5D-B8A3-8A11645E6304/d/IntelliJ IDEA CE.app/Contents/plugins/maven/lib/maven3"/>
    <property name="file.separator" value="/"/>
    <property name="java.vendor.url.bug" value="http://bugreport.sun.com/bugreport/"/>
    <property name="sun.cpu.endian" value="little"/>
    <property name="sun.io.unicode.encoding" value="UnicodeBig"/>
    <property name="sun.cpu.isalist" value=""/>
  </properties>
  <testcase classname="AWS Investments" name="Verify The Request Credit" time="7.386">
    <failure message="expected:&lt;[Investments]&gt; but was:&lt;[Google]&gt;" type="org.junit.ComparisonFailure">org.junit.ComparisonFailure: expected:&lt;[Investments]&gt; but was:&lt;[Google]&gt;
	at org.junit.Assert.assertEquals(Assert.java:115)
	at org.junit.Assert.assertEquals(Assert.java:144)
	at pageObject.Login_Page.VerifyRequestPage(Login_Page.java:74)
	at step_definition.Login.user_is_already_on_Request_Page(Login.java:23)
	at ✽.User is already on Request Page(file:src/test/resources/login.feature:7)
</failure>
    <system-out>2020-05-23 00:21:01 INFO  BaseClass:34 - ================================================================================================
2020-05-23 00:21:01 INFO  BaseClass:35 - ======== Scenario Name: Verify The Request Credit ========
2020-05-23 00:21:01 INFO  BaseClass:36 - ================================================================================================
=========Browser Session Started==========
Google
2020-05-23 00:21:08 ERROR BaseClass:47 - ++++++++++++++++++++++++++++++++++++++++++++++++++++++++++++++++++++++++++++++++++++++++++++++++
2020-05-23 00:21:08 ERROR BaseClass:48 - ++++++++ Failed: Scenario Name- Verify The Request Credit++++++++
2020-05-23 00:21:08 ERROR BaseClass:49 - ++++++++++++++++++++++++++++++++++++++++++++++++++++++++++++++++++++++++++++++++++++++++++++++++
</system-out>
    <system-err>Starting ChromeDriver 83.0.4103.39 (ccbf011cb2d2b19b506d844400483861342c20cd-refs/branch-heads/4103@{#416}) on port 34441
Only local connections are allowed.
Please see https://chromedriver.chromium.org/security-considerations for suggestions on keeping ChromeDriver safe.
ChromeDriver was started successfully.
May 23, 2020 12:21:05 AM org.openqa.selenium.remote.ProtocolHandshake createSession
INFO: Detected dialect: W3C
</system-err>
  </testcase>
  <testcase classname="AWS Investments" name="Verify Element" time="1.913">
    <failure message="expected:&lt;[Investments]&gt; but was:&lt;[Google]&gt;" type="org.junit.ComparisonFailure">org.junit.ComparisonFailure: expected:&lt;[Investments]&gt; but was:&lt;[Google]&gt;
	at org.junit.Assert.assertEquals(Assert.java:115)
	at org.junit.Assert.assertEquals(Assert.java:144)
	at pageObject.Login_Page.VerifyRequestPage(Login_Page.java:74)
	at step_definition.Login.user_is_already_on_Request_Page(Login.java:23)
	at ✽.User is already on Request Page(file:src/test/resources/login.feature:44)
</failure>
    <system-out>2020-05-23 00:21:08 INFO  BaseClass:34 - ================================================================================================
2020-05-23 00:21:08 INFO  BaseClass:35 - ======== Scenario Name: Verify Element ========
2020-05-23 00:21:08 INFO  BaseClass:36 - ================================================================================================
=========Browser Session Started==========
Google
2020-05-23 00:21:10 ERROR BaseClass:47 - ++++++++++++++++++++++++++++++++++++++++++++++++++++++++++++++++++++++++++++++++++++++++++++++++
2020-05-23 00:21:10 ERROR BaseClass:48 - ++++++++ Failed: Scenario Name- Verify Element++++++++
2020-05-23 00:21:10 ERROR BaseClass:49 - ++++++++++++++++++++++++++++++++++++++++++++++++++++++++++++++++++++++++++++++++++++++++++++++++
</system-out>
  </testcase>
</testsuite>